
> prometheus-protocol-v1@0.1.0 dev
> vite --host 0.0.0.0

Port 5173 is in use, trying another one...

  [32m[1mVITE[22m v6.4.3[39m  [2mready in [0m[1m824[22m[2m[0m ms[22m

  [32m➜[39m  [1mLocal[22m:   [36mhttp://localhost:[1m5174[22m/[39m
  [32m➜[39m  [1mNetwork[22m: [36mhttp://192.168.1.55:[1m5174[22m/[39m
[2m22:46:45[22m [36m[1m[vite][22m[39m [90m[2m(client)[22m[39m [32mhmr update [39m[2m/src/components/ActionPanel.tsx[22m
[2m22:46:45[22m [36m[1m[vite][22m[39m [90m[2m(client)[22m[39m [32mhmr update [39m[2m/src/components/CentralPlayfieldSlot.tsx[22m
[2m22:46:45[22m [36m[1m[vite][22m[39m [90m[2m(client)[22m[39m [32mhmr update [39m[2m/src/components/IntroScreen.tsx[22m
[2m22:46:45[22m [36m[1m[vite][22m[39m [90m[2m(client)[22m[39m [32mhmr update [39m[2m/src/components/MixPanel.tsx[22m
[2m22:46:45[22m [36m[1m[vite][22m[39m [90m[2m(client)[22m[39m [32mhmr update [39m[2m/src/components/ProgressRail.tsx[22m
[2m22:46:45[22m [36m[1m[vite][22m[39m [90m[2m(client)[22m[39m [32mhmr update [39m[2m/src/components/TechRail.tsx[22m
[2m22:46:45[22m [36m[1m[vite][22m[39m [90m[2m(client)[22m[39m [32mhmr update [39m[2m/src/app/App.tsx[22m
[2m22:46:45[22m [36m[1m[vite][22m[39m [90m[2m(client)[22m[39m [32mhmr update [39m[2m/src/styles.css[22m
[2m22:46:45[22m [36m[1m[vite][22m[39m [90m[2m(client)[22m[39m [32mpage reload [39m[2mhackathon-ancien/index.html[22m
[2m22:46:45[22m [36m[1m[vite][22m[39m [90m[2m(client)[22m[39m [32mhmr update [39m[2m/src/app/App.tsx[22m
[2m22:46:46[22m [36m[1m[vite][22m[39m changed tsconfig file detected: C:/Users/34966/OneDrive/Bureaublad/hackaton/tsconfig.node.json - Clearing cache and forcing full-reload to ensure TypeScript is compiled with updated config values.
[2m22:46:46[22m [36m[1m[vite][22m[39m [90m[2m(client)[22m[39m [32mhmr update [39m[2m/src/app/App.tsx[22m
[2m22:46:46[22m [36m[1m[vite][22m[39m [90m[2m(client)[22m[39m [32mpage reload [39m[2msrc/main.tsx[22m
[2m22:46:46[22m [36m[1m[vite][22m[39m changed tsconfig file detected: C:/Users/34966/OneDrive/Bureaublad/hackaton/hackathon-ancien/tsconfig.json - Clearing cache and forcing full-reload to ensure TypeScript is compiled with updated config values.
