0 verbose cli C:\Program Files\nodejs\node.exe C:\Program Files\nodejs\node_modules\npm\bin\npm-cli.js
1 info using npm@11.9.0
2 info using node@v24.14.0
3 silly config load:file:C:\Program Files\nodejs\node_modules\npm\npmrc
4 silly config load:file:C:\Users\34966\OneDrive\Bureaublad\hackaton\.npmrc
5 silly config load:file:C:\Users\34966\.npmrc
6 silly config load:file:C:\Users\34966\AppData\Roaming\npm\etc\npmrc
7 verbose title npm install
8 verbose argv "install" "--cache" ".npm-cache"
9 verbose logfile logs-max:10 dir:C:\Users\34966\OneDrive\Bureaublad\hackaton\.npm-cache\_logs\2026-06-18T19_47_24_171Z-
10 verbose logfile C:\Users\34966\OneDrive\Bureaublad\hackaton\.npm-cache\_logs\2026-06-18T19_47_24_171Z-debug-0.log
11 silly logfile done cleaning log files
12 silly packumentCache heap:4496293888 maxSize:1124073472 maxEntrySize:562036736
13 silly idealTree buildDeps
14 silly reify mark retired [
14 silly reify   'C:\\Users\\34966\\OneDrive\\Bureaublad\\hackaton\\node_modules\\caniuse-lite'
14 silly reify ]
15 silly reify mark retired [
15 silly reify   'C:\\Users\\34966\\OneDrive\\Bureaublad\\hackaton\\node_modules\\browserslist'
15 silly reify ]
16 silly reify mark retired [
16 silly reify   'C:\\Users\\34966\\OneDrive\\Bureaublad\\hackaton\\node_modules\\baseline-browser-mapping'
16 silly reify ]
17 silly reify mark retired [
17 silly reify   'C:\\Users\\34966\\OneDrive\\Bureaublad\\hackaton\\node_modules\\convert-source-map'
17 silly reify ]
18 silly reify mark retired [
18 silly reify   'C:\\Users\\34966\\OneDrive\\Bureaublad\\hackaton\\node_modules\\electron-to-chromium'
18 silly reify ]
19 silly reify mark retired [
19 silly reify   'C:\\Users\\34966\\OneDrive\\Bureaublad\\hackaton\\node_modules\\esbuild'
19 silly reify ]
20 silly reify mark retired [
20 silly reify   'C:\\Users\\34966\\OneDrive\\Bureaublad\\hackaton\\node_modules\\gensync'
20 silly reify ]
21 silly reify mark retired [
21 silly reify   'C:\\Users\\34966\\OneDrive\\Bureaublad\\hackaton\\node_modules\\jsesc'
21 silly reify ]
22 silly reify mark retired [
22 silly reify   'C:\\Users\\34966\\OneDrive\\Bureaublad\\hackaton\\node_modules\\json5'
22 silly reify ]
23 silly reify mark retired [
23 silly reify   'C:\\Users\\34966\\OneDrive\\Bureaublad\\hackaton\\node_modules\\lru-cache'
23 silly reify ]
24 silly reify mark retired [
24 silly reify   'C:\\Users\\34966\\OneDrive\\Bureaublad\\hackaton\\node_modules\\loose-envify'
24 silly reify ]
25 silly reify mark retired [
25 silly reify   'C:\\Users\\34966\\OneDrive\\Bureaublad\\hackaton\\node_modules\\lucide-react'
25 silly reify ]
26 silly reify mark retired [
26 silly reify   'C:\\Users\\34966\\OneDrive\\Bureaublad\\hackaton\\node_modules\\nanoid'
26 silly reify ]
27 silly reify mark retired [
27 silly reify   'C:\\Users\\34966\\OneDrive\\Bureaublad\\hackaton\\node_modules\\node-releases'
27 silly reify ]
28 silly reify mark retired [
28 silly reify   'C:\\Users\\34966\\OneDrive\\Bureaublad\\hackaton\\node_modules\\postcss'
28 silly reify ]
29 silly reify mark retired [
29 silly reify   'C:\\Users\\34966\\OneDrive\\Bureaublad\\hackaton\\node_modules\\react'
29 silly reify ]
30 silly reify mark retired [
30 silly reify   'C:\\Users\\34966\\OneDrive\\Bureaublad\\hackaton\\node_modules\\playwright-core'
30 silly reify ]
31 silly reify mark retired [
31 silly reify   'C:\\Users\\34966\\OneDrive\\Bureaublad\\hackaton\\node_modules\\react-dom'
31 silly reify ]
32 silly reify mark retired [
32 silly reify   'C:\\Users\\34966\\OneDrive\\Bureaublad\\hackaton\\node_modules\\react-refresh'
32 silly reify ]
33 silly reify mark retired [
33 silly reify   'C:\\Users\\34966\\OneDrive\\Bureaublad\\hackaton\\node_modules\\scheduler'
33 silly reify ]
34 silly reify mark retired [
34 silly reify   'C:\\Users\\34966\\OneDrive\\Bureaublad\\hackaton\\node_modules\\semver'
34 silly reify ]
35 silly reify mark retired [
35 silly reify   'C:\\Users\\34966\\OneDrive\\Bureaublad\\hackaton\\node_modules\\rollup'
35 silly reify ]
36 silly reify mark retired [
36 silly reify   'C:\\Users\\34966\\OneDrive\\Bureaublad\\hackaton\\node_modules\\tinyglobby'
36 silly reify ]
37 silly reify mark retired [
37 silly reify   'C:\\Users\\34966\\OneDrive\\Bureaublad\\hackaton\\node_modules\\update-browserslist-db'
37 silly reify ]
38 silly reify mark retired [
38 silly reify   'C:\\Users\\34966\\OneDrive\\Bureaublad\\hackaton\\node_modules\\vite'
38 silly reify ]
39 silly reify mark retired [
39 silly reify   'C:\\Users\\34966\\OneDrive\\Bureaublad\\hackaton\\node_modules\\typescript'
39 silly reify ]
40 silly reify mark retired [
40 silly reify   'C:\\Users\\34966\\OneDrive\\Bureaublad\\hackaton\\node_modules\\yallist'
40 silly reify ]
41 silly reify mark retired [
41 silly reify   'C:\\Users\\34966\\OneDrive\\Bureaublad\\hackaton\\node_modules\\@babel\\core'
41 silly reify ]
42 silly reify mark retired [
42 silly reify   'C:\\Users\\34966\\OneDrive\\Bureaublad\\hackaton\\node_modules\\@babel\\compat-data'
42 silly reify ]
43 silly reify mark retired [
43 silly reify   'C:\\Users\\34966\\OneDrive\\Bureaublad\\hackaton\\node_modules\\@babel\\code-frame'
43 silly reify ]
44 silly reify mark retired [
44 silly reify   'C:\\Users\\34966\\OneDrive\\Bureaublad\\hackaton\\node_modules\\@babel\\generator'
44 silly reify ]
45 silly reify mark retired [
45 silly reify   'C:\\Users\\34966\\OneDrive\\Bureaublad\\hackaton\\node_modules\\@babel\\helper-compilation-targets'
45 silly reify ]
46 silly reify mark retired [
46 silly reify   'C:\\Users\\34966\\OneDrive\\Bureaublad\\hackaton\\node_modules\\@babel\\helper-globals'
46 silly reify ]
47 silly reify mark retired [
47 silly reify   'C:\\Users\\34966\\OneDrive\\Bureaublad\\hackaton\\node_modules\\@babel\\helper-module-transforms'
47 silly reify ]
48 silly reify mark retired [
48 silly reify   'C:\\Users\\34966\\OneDrive\\Bureaublad\\hackaton\\node_modules\\@babel\\helper-module-imports'
48 silly reify ]
49 silly reify mark retired [
49 silly reify   'C:\\Users\\34966\\OneDrive\\Bureaublad\\hackaton\\node_modules\\@babel\\helper-string-parser'
49 silly reify ]
50 silly reify mark retired [
50 silly reify   'C:\\Users\\34966\\OneDrive\\Bureaublad\\hackaton\\node_modules\\@babel\\helper-validator-identifier'
50 silly reify ]
51 silly reify mark retired [
51 silly reify   'C:\\Users\\34966\\OneDrive\\Bureaublad\\hackaton\\node_modules\\@babel\\helpers'
51 silly reify ]
52 silly reify mark retired [
52 silly reify   'C:\\Users\\34966\\OneDrive\\Bureaublad\\hackaton\\node_modules\\@babel\\helper-validator-option'
52 silly reify ]
53 silly reify mark retired [
53 silly reify   'C:\\Users\\34966\\OneDrive\\Bureaublad\\hackaton\\node_modules\\@babel\\parser'
53 silly reify ]
54 silly reify mark retired [
54 silly reify   'C:\\Users\\34966\\OneDrive\\Bureaublad\\hackaton\\node_modules\\@babel\\plugin-transform-react-jsx-self'
54 silly reify ]
55 silly reify mark retired [
55 silly reify   'C:\\Users\\34966\\OneDrive\\Bureaublad\\hackaton\\node_modules\\@babel\\plugin-transform-react-jsx-source'
55 silly reify ]
56 silly reify mark retired [
56 silly reify   'C:\\Users\\34966\\OneDrive\\Bureaublad\\hackaton\\node_modules\\@babel\\template'
56 silly reify ]
57 silly reify mark retired [
57 silly reify   'C:\\Users\\34966\\OneDrive\\Bureaublad\\hackaton\\node_modules\\@babel\\types'
57 silly reify ]
58 silly reify mark retired [
58 silly reify   'C:\\Users\\34966\\OneDrive\\Bureaublad\\hackaton\\node_modules\\@babel\\helper-plugin-utils'
58 silly reify ]
59 silly reify mark retired [
59 silly reify   'C:\\Users\\34966\\OneDrive\\Bureaublad\\hackaton\\node_modules\\@babel\\traverse'
59 silly reify ]
60 silly reify mark retired [
60 silly reify   'C:\\Users\\34966\\OneDrive\\Bureaublad\\hackaton\\node_modules\\@jridgewell\\remapping'
60 silly reify ]
61 silly reify mark retired [
61 silly reify   'C:\\Users\\34966\\OneDrive\\Bureaublad\\hackaton\\node_modules\\@esbuild\\win32-x64'
61 silly reify ]
62 silly reify mark retired [
62 silly reify   'C:\\Users\\34966\\OneDrive\\Bureaublad\\hackaton\\node_modules\\@rolldown\\pluginutils'
62 silly reify ]
63 silly reify mark retired [
63 silly reify   'C:\\Users\\34966\\OneDrive\\Bureaublad\\hackaton\\node_modules\\@rollup\\rollup-win32-x64-gnu'
63 silly reify ]
64 silly reify mark retired [
64 silly reify   'C:\\Users\\34966\\OneDrive\\Bureaublad\\hackaton\\node_modules\\@rollup\\rollup-win32-x64-msvc'
64 silly reify ]
65 silly reify mark retired [
65 silly reify   'C:\\Users\\34966\\OneDrive\\Bureaublad\\hackaton\\node_modules\\@types\\babel__generator'
65 silly reify ]
66 silly reify mark retired [
66 silly reify   'C:\\Users\\34966\\OneDrive\\Bureaublad\\hackaton\\node_modules\\@types\\babel__core'
66 silly reify ]
67 silly reify mark retired [
67 silly reify   'C:\\Users\\34966\\OneDrive\\Bureaublad\\hackaton\\node_modules\\@types\\babel__template'
67 silly reify ]
68 silly reify mark retired [
68 silly reify   'C:\\Users\\34966\\OneDrive\\Bureaublad\\hackaton\\node_modules\\@types\\babel__traverse'
68 silly reify ]
69 silly reify mark retired [
69 silly reify   'C:\\Users\\34966\\OneDrive\\Bureaublad\\hackaton\\node_modules\\@types\\estree'
69 silly reify ]
70 silly reify mark retired [
70 silly reify   'C:\\Users\\34966\\OneDrive\\Bureaublad\\hackaton\\node_modules\\@types\\prop-types'
70 silly reify ]
71 silly reify mark retired [
71 silly reify   'C:\\Users\\34966\\OneDrive\\Bureaublad\\hackaton\\node_modules\\@types\\react'
71 silly reify ]
72 silly reify mark retired [
72 silly reify   'C:\\Users\\34966\\OneDrive\\Bureaublad\\hackaton\\node_modules\\@types\\react-dom'
72 silly reify ]
73 silly reify mark retired [
73 silly reify   'C:\\Users\\34966\\OneDrive\\Bureaublad\\hackaton\\node_modules\\@vitejs\\plugin-react'
73 silly reify ]
74 silly reify moves {
74 silly reify   'C:\\Users\\34966\\OneDrive\\Bureaublad\\hackaton\\node_modules\\caniuse-lite': 'C:\\Users\\34966\\OneDrive\\Bureaublad\\hackaton\\node_modules\\.caniuse-lite-X0Ttv41x',
74 silly reify   'C:\\Users\\34966\\OneDrive\\Bureaublad\\hackaton\\node_modules\\browserslist': 'C:\\Users\\34966\\OneDrive\\Bureaublad\\hackaton\\node_modules\\.browserslist-OtJvB3TL',
74 silly reify   'C:\\Users\\34966\\OneDrive\\Bureaublad\\hackaton\\node_modules\\baseline-browser-mapping': 'C:\\Users\\34966\\OneDrive\\Bureaublad\\hackaton\\node_modules\\.baseline-browser-mapping-omBlzcYp',
74 silly reify   'C:\\Users\\34966\\OneDrive\\Bureaublad\\hackaton\\node_modules\\convert-source-map': 'C:\\Users\\34966\\OneDrive\\Bureaublad\\hackaton\\node_modules\\.convert-source-map-pHKzfWIS',
74 silly reify   'C:\\Users\\34966\\OneDrive\\Bureaublad\\hackaton\\node_modules\\electron-to-chromium': 'C:\\Users\\34966\\OneDrive\\Bureaublad\\hackaton\\node_modules\\.electron-to-chromium-fYD3Fg6y',
74 silly reify   'C:\\Users\\34966\\OneDrive\\Bureaublad\\hackaton\\node_modules\\esbuild': 'C:\\Users\\34966\\OneDrive\\Bureaublad\\hackaton\\node_modules\\.esbuild-H5Bbd60P',
74 silly reify   'C:\\Users\\34966\\OneDrive\\Bureaublad\\hackaton\\node_modules\\gensync': 'C:\\Users\\34966\\OneDrive\\Bureaublad\\hackaton\\node_modules\\.gensync-zRbV8aTb',
74 silly reify   'C:\\Users\\34966\\OneDrive\\Bureaublad\\hackaton\\node_modules\\jsesc': 'C:\\Users\\34966\\OneDrive\\Bureaublad\\hackaton\\node_modules\\.jsesc-N6dI7W87',
74 silly reify   'C:\\Users\\34966\\OneDrive\\Bureaublad\\hackaton\\node_modules\\json5': 'C:\\Users\\34966\\OneDrive\\Bureaublad\\hackaton\\node_modules\\.json5-YjXemZoi',
74 silly reify   'C:\\Users\\34966\\OneDrive\\Bureaublad\\hackaton\\node_modules\\lru-cache': 'C:\\Users\\34966\\OneDrive\\Bureaublad\\hackaton\\node_modules\\.lru-cache-MdAy4hSi',
74 silly reify   'C:\\Users\\34966\\OneDrive\\Bureaublad\\hackaton\\node_modules\\loose-envify': 'C:\\Users\\34966\\OneDrive\\Bureaublad\\hackaton\\node_modules\\.loose-envify-Kd0PC2jn',
74 silly reify   'C:\\Users\\34966\\OneDrive\\Bureaublad\\hackaton\\node_modules\\lucide-react': 'C:\\Users\\34966\\OneDrive\\Bureaublad\\hackaton\\node_modules\\.lucide-react-BEOfLb1L',
74 silly reify   'C:\\Users\\34966\\OneDrive\\Bureaublad\\hackaton\\node_modules\\nanoid': 'C:\\Users\\34966\\OneDrive\\Bureaublad\\hackaton\\node_modules\\.nanoid-ijjBx7Iw',
74 silly reify   'C:\\Users\\34966\\OneDrive\\Bureaublad\\hackaton\\node_modules\\node-releases': 'C:\\Users\\34966\\OneDrive\\Bureaublad\\hackaton\\node_modules\\.node-releases-T33fCSVE',
74 silly reify   'C:\\Users\\34966\\OneDrive\\Bureaublad\\hackaton\\node_modules\\postcss': 'C:\\Users\\34966\\OneDrive\\Bureaublad\\hackaton\\node_modules\\.postcss-kDKKLFri',
74 silly reify   'C:\\Users\\34966\\OneDrive\\Bureaublad\\hackaton\\node_modules\\react': 'C:\\Users\\34966\\OneDrive\\Bureaublad\\hackaton\\node_modules\\.react-onFfOGY0',
74 silly reify   'C:\\Users\\34966\\OneDrive\\Bureaublad\\hackaton\\node_modules\\playwright-core': 'C:\\Users\\34966\\OneDrive\\Bureaublad\\hackaton\\node_modules\\.playwright-core-eHkT66TH',
74 silly reify   'C:\\Users\\34966\\OneDrive\\Bureaublad\\hackaton\\node_modules\\react-dom': 'C:\\Users\\34966\\OneDrive\\Bureaublad\\hackaton\\node_modules\\.react-dom-VBqF2cHm',
74 silly reify   'C:\\Users\\34966\\OneDrive\\Bureaublad\\hackaton\\node_modules\\react-refresh': 'C:\\Users\\34966\\OneDrive\\Bureaublad\\hackaton\\node_modules\\.react-refresh-ogt8tiJw',
74 silly reify   'C:\\Users\\34966\\OneDrive\\Bureaublad\\hackaton\\node_modules\\scheduler': 'C:\\Users\\34966\\OneDrive\\Bureaublad\\hackaton\\node_modules\\.scheduler-UPac5vCd',
74 silly reify   'C:\\Users\\34966\\OneDrive\\Bureaublad\\hackaton\\node_modules\\semver': 'C:\\Users\\34966\\OneDrive\\Bureaublad\\hackaton\\node_modules\\.semver-o7YXUJUn',
74 silly reify   'C:\\Users\\34966\\OneDrive\\Bureaublad\\hackaton\\node_modules\\rollup': 'C:\\Users\\34966\\OneDrive\\Bureaublad\\hackaton\\node_modules\\.rollup-ZaGsBuur',
74 silly reify   'C:\\Users\\34966\\OneDrive\\Bureaublad\\hackaton\\node_modules\\tinyglobby': 'C:\\Users\\34966\\OneDrive\\Bureaublad\\hackaton\\node_modules\\.tinyglobby-CkpeBL0Q',
74 silly reify   'C:\\Users\\34966\\OneDrive\\Bureaublad\\hackaton\\node_modules\\update-browserslist-db': 'C:\\Users\\34966\\OneDrive\\Bureaublad\\hackaton\\node_modules\\.update-browserslist-db-sSGQnNKK',
74 silly reify   'C:\\Users\\34966\\OneDrive\\Bureaublad\\hackaton\\node_modules\\vite': 'C:\\Users\\34966\\OneDrive\\Bureaublad\\hackaton\\node_modules\\.vite-GjaaTP7H',
74 silly reify   'C:\\Users\\34966\\OneDrive\\Bureaublad\\hackaton\\node_modules\\typescript': 'C:\\Users\\34966\\OneDrive\\Bureaublad\\hackaton\\node_modules\\.typescript-vtyNJMcw',
74 silly reify   'C:\\Users\\34966\\OneDrive\\Bureaublad\\hackaton\\node_modules\\yallist': 'C:\\Users\\34966\\OneDrive\\Bureaublad\\hackaton\\node_modules\\.yallist-kaRSvS8Q',
74 silly reify   'C:\\Users\\34966\\OneDrive\\Bureaublad\\hackaton\\node_modules\\@babel\\core': 'C:\\Users\\34966\\OneDrive\\Bureaublad\\hackaton\\node_modules\\@babel\\.core-hdq4cM5H',
74 silly reify   'C:\\Users\\34966\\OneDrive\\Bureaublad\\hackaton\\node_modules\\@babel\\compat-data': 'C:\\Users\\34966\\OneDrive\\Bureaublad\\hackaton\\node_modules\\@babel\\.compat-data-xUrJu7SY',
74 silly reify   'C:\\Users\\34966\\OneDrive\\Bureaublad\\hackaton\\node_modules\\@babel\\code-frame': 'C:\\Users\\34966\\OneDrive\\Bureaublad\\hackaton\\node_modules\\@babel\\.code-frame-aevC6TNJ',
74 silly reify   'C:\\Users\\34966\\OneDrive\\Bureaublad\\hackaton\\node_modules\\@babel\\generator': 'C:\\Users\\34966\\OneDrive\\Bureaublad\\hackaton\\node_modules\\@babel\\.generator-S78FccpU',
74 silly reify   'C:\\Users\\34966\\OneDrive\\Bureaublad\\hackaton\\node_modules\\@babel\\helper-compilation-targets': 'C:\\Users\\34966\\OneDrive\\Bureaublad\\hackaton\\node_modules\\@babel\\.helper-compilation-targets-g2ODtJ37',
74 silly reify   'C:\\Users\\34966\\OneDrive\\Bureaublad\\hackaton\\node_modules\\@babel\\helper-globals': 'C:\\Users\\34966\\OneDrive\\Bureaublad\\hackaton\\node_modules\\@babel\\.helper-globals-27KCkWUH',
74 silly reify   'C:\\Users\\34966\\OneDrive\\Bureaublad\\hackaton\\node_modules\\@babel\\helper-module-transforms': 'C:\\Users\\34966\\OneDrive\\Bureaublad\\hackaton\\node_modules\\@babel\\.helper-module-transforms-hdKE0gCr',
74 silly reify   'C:\\Users\\34966\\OneDrive\\Bureaublad\\hackaton\\node_modules\\@babel\\helper-module-imports': 'C:\\Users\\34966\\OneDrive\\Bureaublad\\hackaton\\node_modules\\@babel\\.helper-module-imports-6hj7QsM7',
74 silly reify   'C:\\Users\\34966\\OneDrive\\Bureaublad\\hackaton\\node_modules\\@babel\\helper-string-parser': 'C:\\Users\\34966\\OneDrive\\Bureaublad\\hackaton\\node_modules\\@babel\\.helper-string-parser-5boJl0Zd',
74 silly reify   'C:\\Users\\34966\\OneDrive\\Bureaublad\\hackaton\\node_modules\\@babel\\helper-validator-identifier': 'C:\\Users\\34966\\OneDrive\\Bureaublad\\hackaton\\node_modules\\@babel\\.helper-validator-identifier-yUVk4F3f',
74 silly reify   'C:\\Users\\34966\\OneDrive\\Bureaublad\\hackaton\\node_modules\\@babel\\helpers': 'C:\\Users\\34966\\OneDrive\\Bureaublad\\hackaton\\node_modules\\@babel\\.helpers-HARl1JSA',
74 silly reify   'C:\\Users\\34966\\OneDrive\\Bureaublad\\hackaton\\node_modules\\@babel\\helper-validator-option': 'C:\\Users\\34966\\OneDrive\\Bureaublad\\hackaton\\node_modules\\@babel\\.helper-validator-option-ZsVoXh3z',
74 silly reify   'C:\\Users\\34966\\OneDrive\\Bureaublad\\hackaton\\node_modules\\@babel\\parser': 'C:\\Users\\34966\\OneDrive\\Bureaublad\\hackaton\\node_modules\\@babel\\.parser-c5InWd1R',
74 silly reify   'C:\\Users\\34966\\OneDrive\\Bureaublad\\hackaton\\node_modules\\@babel\\plugin-transform-react-jsx-self': 'C:\\Users\\34966\\OneDrive\\Bureaublad\\hackaton\\node_modules\\@babel\\.plugin-transform-react-jsx-self-SiDigjNU',
74 silly reify   'C:\\Users\\34966\\OneDrive\\Bureaublad\\hackaton\\node_modules\\@babel\\plugin-transform-react-jsx-source': 'C:\\Users\\34966\\OneDrive\\Bureaublad\\hackaton\\node_modules\\@babel\\.plugin-transform-react-jsx-source-PSOrUWgp',
74 silly reify   'C:\\Users\\34966\\OneDrive\\Bureaublad\\hackaton\\node_modules\\@babel\\template': 'C:\\Users\\34966\\OneDrive\\Bureaublad\\hackaton\\node_modules\\@babel\\.template-I5YogMvn',
74 silly reify   'C:\\Users\\34966\\OneDrive\\Bureaublad\\hackaton\\node_modules\\@babel\\types': 'C:\\Users\\34966\\OneDrive\\Bureaublad\\hackaton\\node_modules\\@babel\\.types-f6rCHGZg',
74 silly reify   'C:\\Users\\34966\\OneDrive\\Bureaublad\\hackaton\\node_modules\\@babel\\helper-plugin-utils': 'C:\\Users\\34966\\OneDrive\\Bureaublad\\hackaton\\node_modules\\@babel\\.helper-plugin-utils-P0FuwqOT',
74 silly reify   'C:\\Users\\34966\\OneDrive\\Bureaublad\\hackaton\\node_modules\\@babel\\traverse': 'C:\\Users\\34966\\OneDrive\\Bureaublad\\hackaton\\node_modules\\@babel\\.traverse-2AHPVHdI',
74 silly reify   'C:\\Users\\34966\\OneDrive\\Bureaublad\\hackaton\\node_modules\\@jridgewell\\remapping': 'C:\\Users\\34966\\OneDrive\\Bureaublad\\hackaton\\node_modules\\@jridgewell\\.remapping-Rfyem4eh',
74 silly reify   'C:\\Users\\34966\\OneDrive\\Bureaublad\\hackaton\\node_modules\\@esbuild\\win32-x64': 'C:\\Users\\34966\\OneDrive\\Bureaublad\\hackaton\\node_modules\\@esbuild\\.win32-x64-GymW0xpX',
74 silly reify   'C:\\Users\\34966\\OneDrive\\Bureaublad\\hackaton\\node_modules\\@rolldown\\pluginutils': 'C:\\Users\\34966\\OneDrive\\Bureaublad\\hackaton\\node_modules\\@rolldown\\.pluginutils-bV2kevQ0',
74 silly reify   'C:\\Users\\34966\\OneDrive\\Bureaublad\\hackaton\\node_modules\\@rollup\\rollup-win32-x64-gnu': 'C:\\Users\\34966\\OneDrive\\Bureaublad\\hackaton\\node_modules\\@rollup\\.rollup-win32-x64-gnu-r8xFBa5L',
74 silly reify   'C:\\Users\\34966\\OneDrive\\Bureaublad\\hackaton\\node_modules\\@rollup\\rollup-win32-x64-msvc': 'C:\\Users\\34966\\OneDrive\\Bureaublad\\hackaton\\node_modules\\@rollup\\.rollup-win32-x64-msvc-JQKTQMnc',
74 silly reify   'C:\\Users\\34966\\OneDrive\\Bureaublad\\hackaton\\node_modules\\@types\\babel__generator': 'C:\\Users\\34966\\OneDrive\\Bureaublad\\hackaton\\node_modules\\@types\\.babel__generator-Bq1p3nKn',
74 silly reify   'C:\\Users\\34966\\OneDrive\\Bureaublad\\hackaton\\node_modules\\@types\\babel__core': 'C:\\Users\\34966\\OneDrive\\Bureaublad\\hackaton\\node_modules\\@types\\.babel__core-hgW4D999',
74 silly reify   'C:\\Users\\34966\\OneDrive\\Bureaublad\\hackaton\\node_modules\\@types\\babel__template': 'C:\\Users\\34966\\OneDrive\\Bureaublad\\hackaton\\node_modules\\@types\\.babel__template-HmdH9dbY',
74 silly reify   'C:\\Users\\34966\\OneDrive\\Bureaublad\\hackaton\\node_modules\\@types\\babel__traverse': 'C:\\Users\\34966\\OneDrive\\Bureaublad\\hackaton\\node_modules\\@types\\.babel__traverse-AORx5Ykx',
74 silly reify   'C:\\Users\\34966\\OneDrive\\Bureaublad\\hackaton\\node_modules\\@types\\estree': 'C:\\Users\\34966\\OneDrive\\Bureaublad\\hackaton\\node_modules\\@types\\.estree-tzKpxpFh',
74 silly reify   'C:\\Users\\34966\\OneDrive\\Bureaublad\\hackaton\\node_modules\\@types\\prop-types': 'C:\\Users\\34966\\OneDrive\\Bureaublad\\hackaton\\node_modules\\@types\\.prop-types-LVESl7Ib',
74 silly reify   'C:\\Users\\34966\\OneDrive\\Bureaublad\\hackaton\\node_modules\\@types\\react': 'C:\\Users\\34966\\OneDrive\\Bureaublad\\hackaton\\node_modules\\@types\\.react-eqUewn3n',
74 silly reify   'C:\\Users\\34966\\OneDrive\\Bureaublad\\hackaton\\node_modules\\@types\\react-dom': 'C:\\Users\\34966\\OneDrive\\Bureaublad\\hackaton\\node_modules\\@types\\.react-dom-6OPQ9ry3',
74 silly reify   'C:\\Users\\34966\\OneDrive\\Bureaublad\\hackaton\\node_modules\\@vitejs\\plugin-react': 'C:\\Users\\34966\\OneDrive\\Bureaublad\\hackaton\\node_modules\\@vitejs\\.plugin-react-ZD2fkb2i'
74 silly reify }
75 silly audit bulk request {
75 silly audit   '@babel/code-frame': [ '7.29.7' ],
75 silly audit   '@babel/compat-data': [ '7.29.7' ],
75 silly audit   '@babel/core': [ '7.29.7' ],
75 silly audit   '@babel/generator': [ '7.29.7' ],
75 silly audit   '@babel/helper-compilation-targets': [ '7.29.7' ],
75 silly audit   '@babel/helper-globals': [ '7.29.7' ],
75 silly audit   '@babel/helper-module-imports': [ '7.29.7' ],
75 silly audit   '@babel/helper-module-transforms': [ '7.29.7' ],
75 silly audit   '@babel/helper-plugin-utils': [ '7.29.7' ],
75 silly audit   '@babel/helper-string-parser': [ '7.29.7' ],
75 silly audit   '@babel/helper-validator-identifier': [ '7.29.7' ],
75 silly audit   '@babel/helper-validator-option': [ '7.29.7' ],
75 silly audit   '@babel/helpers': [ '7.29.7' ],
75 silly audit   '@babel/parser': [ '7.29.7' ],
75 silly audit   '@babel/plugin-transform-react-jsx-self': [ '7.29.7' ],
75 silly audit   '@babel/plugin-transform-react-jsx-source': [ '7.29.7' ],
75 silly audit   '@babel/template': [ '7.29.7' ],
75 silly audit   '@babel/traverse': [ '7.29.7' ],
75 silly audit   '@babel/types': [ '7.29.7' ],
75 silly audit   '@esbuild/aix-ppc64': [ '0.25.12' ],
75 silly audit   '@esbuild/android-arm': [ '0.25.12' ],
75 silly audit   '@esbuild/android-arm64': [ '0.25.12' ],
75 silly audit   '@esbuild/android-x64': [ '0.25.12' ],
75 silly audit   '@esbuild/darwin-arm64': [ '0.25.12' ],
75 silly audit   '@esbuild/darwin-x64': [ '0.25.12' ],
75 silly audit   '@esbuild/freebsd-arm64': [ '0.25.12' ],
75 silly audit   '@esbuild/freebsd-x64': [ '0.25.12' ],
75 silly audit   '@esbuild/linux-arm': [ '0.25.12' ],
75 silly audit   '@esbuild/linux-arm64': [ '0.25.12' ],
75 silly audit   '@esbuild/linux-ia32': [ '0.25.12' ],
75 silly audit   '@esbuild/linux-loong64': [ '0.25.12' ],
75 silly audit   '@esbuild/linux-mips64el': [ '0.25.12' ],
75 silly audit   '@esbuild/linux-ppc64': [ '0.25.12' ],
75 silly audit   '@esbuild/linux-riscv64': [ '0.25.12' ],
75 silly audit   '@esbuild/linux-s390x': [ '0.25.12' ],
75 silly audit   '@esbuild/linux-x64': [ '0.25.12' ],
75 silly audit   '@esbuild/netbsd-arm64': [ '0.25.12' ],
75 silly audit   '@esbuild/netbsd-x64': [ '0.25.12' ],
75 silly audit   '@esbuild/openbsd-arm64': [ '0.25.12' ],
75 silly audit   '@esbuild/openbsd-x64': [ '0.25.12' ],
75 silly audit   '@esbuild/openharmony-arm64': [ '0.25.12' ],
75 silly audit   '@esbuild/sunos-x64': [ '0.25.12' ],
75 silly audit   '@esbuild/win32-arm64': [ '0.25.12' ],
75 silly audit   '@esbuild/win32-ia32': [ '0.25.12' ],
75 silly audit   '@esbuild/win32-x64': [ '0.25.12' ],
75 silly audit   '@jridgewell/gen-mapping': [ '0.3.13' ],
75 silly audit   '@jridgewell/remapping': [ '2.3.5' ],
75 silly audit   '@jridgewell/resolve-uri': [ '3.1.2' ],
75 silly audit   '@jridgewell/sourcemap-codec': [ '1.5.5' ],
75 silly audit   '@jridgewell/trace-mapping': [ '0.3.31' ],
75 silly audit   '@rolldown/pluginutils': [ '1.0.0-beta.27' ],
75 silly audit   '@rollup/rollup-android-arm-eabi': [ '4.62.0' ],
75 silly audit   '@rollup/rollup-android-arm64': [ '4.62.0' ],
75 silly audit   '@rollup/rollup-darwin-arm64': [ '4.62.0' ],
75 silly audit   '@rollup/rollup-darwin-x64': [ '4.62.0' ],
75 silly audit   '@rollup/rollup-freebsd-arm64': [ '4.62.0' ],
75 silly audit   '@rollup/rollup-freebsd-x64': [ '4.62.0' ],
75 silly audit   '@rollup/rollup-linux-arm-gnueabihf': [ '4.62.0' ],
75 silly audit   '@rollup/rollup-linux-arm-musleabihf': [ '4.62.0' ],
75 silly audit   '@rollup/rollup-linux-arm64-gnu': [ '4.62.0' ],
75 silly audit   '@rollup/rollup-linux-arm64-musl': [ '4.62.0' ],
75 silly audit   '@rollup/rollup-linux-loong64-gnu': [ '4.62.0' ],
75 silly audit   '@rollup/rollup-linux-loong64-musl': [ '4.62.0' ],
75 silly audit   '@rollup/rollup-linux-ppc64-gnu': [ '4.62.0' ],
75 silly audit   '@rollup/rollup-linux-ppc64-musl': [ '4.62.0' ],
75 silly audit   '@rollup/rollup-linux-riscv64-gnu': [ '4.62.0' ],
75 silly audit   '@rollup/rollup-linux-riscv64-musl': [ '4.62.0' ],
75 silly audit   '@rollup/rollup-linux-s390x-gnu': [ '4.62.0' ],
75 silly audit   '@rollup/rollup-linux-x64-gnu': [ '4.62.0' ],
75 silly audit   '@rollup/rollup-linux-x64-musl': [ '4.62.0' ],
75 silly audit   '@rollup/rollup-openbsd-x64': [ '4.62.0' ],
75 silly audit   '@rollup/rollup-openharmony-arm64': [ '4.62.0' ],
75 silly audit   '@rollup/rollup-win32-arm64-msvc': [ '4.62.0' ],
75 silly audit   '@rollup/rollup-win32-ia32-msvc': [ '4.62.0' ],
75 silly audit   '@rollup/rollup-win32-x64-gnu': [ '4.62.0' ],
75 silly audit   '@rollup/rollup-win32-x64-msvc': [ '4.62.0' ],
75 silly audit   '@types/babel__core': [ '7.20.5' ],
75 silly audit   '@types/babel__generator': [ '7.27.0' ],
75 silly audit   '@types/babel__template': [ '7.4.4' ],
75 silly audit   '@types/babel__traverse': [ '7.28.0' ],
75 silly audit   '@types/estree': [ '1.0.9' ],
75 silly audit   '@types/prop-types': [ '15.7.15' ],
75 silly audit   '@types/react': [ '18.3.31' ],
75 silly audit   '@types/react-dom': [ '18.3.7' ],
75 silly audit   '@vitejs/plugin-react': [ '4.7.0' ],
75 silly audit   'baseline-browser-mapping': [ '2.10.38' ],
75 silly audit   browserslist: [ '4.28.2' ],
75 silly audit   'caniuse-lite': [ '1.0.30001799' ],
75 silly audit   'convert-source-map': [ '2.0.0' ],
75 silly audit   csstype: [ '3.2.3' ],
75 silly audit   debug: [ '4.4.3' ],
75 silly audit   'electron-to-chromium': [ '1.5.375' ],
75 silly audit   esbuild: [ '0.25.12' ],
75 silly audit   escalade: [ '3.2.0' ],
75 silly audit   fdir: [ '6.5.0' ],
75 silly audit   fsevents: [ '2.3.3' ],
75 silly audit   gensync: [ '1.0.0-beta.2' ],
75 silly audit   'js-tokens': [ '4.0.0' ],
75 silly audit   jsesc: [ '3.1.0' ],
75 silly audit   json5: [ '2.2.3' ],
75 silly audit   'loose-envify': [ '1.4.0' ],
75 silly audit   'lru-cache': [ '5.1.1' ],
75 silly audit   'lucide-react': [ '0.468.0' ],
75 silly audit   ms: [ '2.1.3' ],
75 silly audit   nanoid: [ '3.3.13' ],
75 silly audit   'node-releases': [ '2.0.48' ],
75 silly audit   picocolors: [ '1.1.1' ],
75 silly audit   picomatch: [ '4.0.4' ],
75 silly audit   'playwright-core': [ '1.61.0' ],
75 silly audit   postcss: [ '8.5.15' ],
75 silly audit   react: [ '18.3.1' ],
75 silly audit   'react-dom': [ '18.3.1' ],
75 silly audit   'react-refresh': [ '0.17.0' ],
75 silly audit   rollup: [ '4.62.0' ],
75 silly audit   scheduler: [ '0.23.2' ],
75 silly audit   semver: [ '6.3.1' ],
75 silly audit   'source-map-js': [ '1.2.1' ],
75 silly audit   tinyglobby: [ '0.2.17' ],
75 silly audit   typescript: [ '5.9.3' ],
75 silly audit   'update-browserslist-db': [ '1.2.3' ],
75 silly audit   vite: [ '6.4.3' ],
75 silly audit   yallist: [ '3.1.1' ]
75 silly audit }
76 http cache @vitejs/plugin-react@https://registry.npmjs.org/@vitejs/plugin-react/-/plugin-react-4.7.0.tgz 1ms (cache hit)
77 http cache @types/estree@https://registry.npmjs.org/@types/estree/-/estree-1.0.9.tgz 0ms (cache hit)
78 http cache @types/react-dom@https://registry.npmjs.org/@types/react-dom/-/react-dom-18.3.7.tgz 0ms (cache hit)
79 http cache @types/prop-types@https://registry.npmjs.org/@types/prop-types/-/prop-types-15.7.15.tgz 0ms (cache hit)
80 http cache @types/babel__traverse@https://registry.npmjs.org/@types/babel__traverse/-/babel__traverse-7.28.0.tgz 0ms (cache hit)
81 http cache @types/babel__template@https://registry.npmjs.org/@types/babel__template/-/babel__template-7.4.4.tgz 0ms (cache hit)
82 http cache @types/react@https://registry.npmjs.org/@types/react/-/react-18.3.31.tgz 0ms (cache hit)
83 http cache @types/babel__generator@https://registry.npmjs.org/@types/babel__generator/-/babel__generator-7.27.0.tgz 0ms (cache hit)
84 http cache @types/babel__core@https://registry.npmjs.org/@types/babel__core/-/babel__core-7.20.5.tgz 0ms (cache hit)
85 http cache @rollup/rollup-win32-x64-msvc@https://registry.npmjs.org/@rollup/rollup-win32-x64-msvc/-/rollup-win32-x64-msvc-4.62.0.tgz 0ms (cache hit)
86 http cache @rollup/rollup-win32-x64-gnu@https://registry.npmjs.org/@rollup/rollup-win32-x64-gnu/-/rollup-win32-x64-gnu-4.62.0.tgz 0ms (cache hit)
87 http cache @esbuild/win32-x64@https://registry.npmjs.org/@esbuild/win32-x64/-/win32-x64-0.25.12.tgz 0ms (cache hit)
88 http cache @rolldown/pluginutils@https://registry.npmjs.org/@rolldown/pluginutils/-/pluginutils-1.0.0-beta.27.tgz 0ms (cache hit)
89 http cache @jridgewell/remapping@https://registry.npmjs.org/@jridgewell/remapping/-/remapping-2.3.5.tgz 0ms (cache hit)
90 http cache @babel/types@https://registry.npmjs.org/@babel/types/-/types-7.29.7.tgz 0ms (cache hit)
91 http cache @babel/traverse@https://registry.npmjs.org/@babel/traverse/-/traverse-7.29.7.tgz 0ms (cache hit)
92 http cache @babel/plugin-transform-react-jsx-source@https://registry.npmjs.org/@babel/plugin-transform-react-jsx-source/-/plugin-transform-react-jsx-source-7.29.7.tgz 0ms (cache hit)
93 http cache @babel/template@https://registry.npmjs.org/@babel/template/-/template-7.29.7.tgz 0ms (cache hit)
94 http cache @babel/helper-plugin-utils@https://registry.npmjs.org/@babel/helper-plugin-utils/-/helper-plugin-utils-7.29.7.tgz 0ms (cache hit)
95 http cache @babel/parser@https://registry.npmjs.org/@babel/parser/-/parser-7.29.7.tgz 0ms (cache hit)
96 http cache @babel/helper-validator-identifier@https://registry.npmjs.org/@babel/helper-validator-identifier/-/helper-validator-identifier-7.29.7.tgz 0ms (cache hit)
97 http cache @babel/plugin-transform-react-jsx-self@https://registry.npmjs.org/@babel/plugin-transform-react-jsx-self/-/plugin-transform-react-jsx-self-7.29.7.tgz 0ms (cache hit)
98 http cache @babel/helper-string-parser@https://registry.npmjs.org/@babel/helper-string-parser/-/helper-string-parser-7.29.7.tgz 0ms (cache hit)
99 http cache @babel/helper-validator-option@https://registry.npmjs.org/@babel/helper-validator-option/-/helper-validator-option-7.29.7.tgz 0ms (cache hit)
100 http cache @babel/helper-compilation-targets@https://registry.npmjs.org/@babel/helper-compilation-targets/-/helper-compilation-targets-7.29.7.tgz 0ms (cache hit)
101 http cache @babel/helpers@https://registry.npmjs.org/@babel/helpers/-/helpers-7.29.7.tgz 0ms (cache hit)
102 http cache @babel/helper-module-imports@https://registry.npmjs.org/@babel/helper-module-imports/-/helper-module-imports-7.29.7.tgz 0ms (cache hit)
103 http cache @babel/helper-module-transforms@https://registry.npmjs.org/@babel/helper-module-transforms/-/helper-module-transforms-7.29.7.tgz 0ms (cache hit)
104 http cache @babel/helper-globals@https://registry.npmjs.org/@babel/helper-globals/-/helper-globals-7.29.7.tgz 0ms (cache hit)
105 http cache @babel/code-frame@https://registry.npmjs.org/@babel/code-frame/-/code-frame-7.29.7.tgz 0ms (cache hit)
106 http cache @babel/generator@https://registry.npmjs.org/@babel/generator/-/generator-7.29.7.tgz 0ms (cache hit)
107 http cache @babel/core@https://registry.npmjs.org/@babel/core/-/core-7.29.7.tgz 0ms (cache hit)
108 http cache @babel/compat-data@https://registry.npmjs.org/@babel/compat-data/-/compat-data-7.29.7.tgz 0ms (cache hit)
109 http cache typescript@https://registry.npmjs.org/typescript/-/typescript-5.9.3.tgz 0ms (cache hit)
110 http cache yallist@https://registry.npmjs.org/yallist/-/yallist-3.1.1.tgz 0ms (cache hit)
111 http cache vite@https://registry.npmjs.org/vite/-/vite-6.4.3.tgz 0ms (cache hit)
112 http cache update-browserslist-db@https://registry.npmjs.org/update-browserslist-db/-/update-browserslist-db-1.2.3.tgz 0ms (cache hit)
113 http cache tinyglobby@https://registry.npmjs.org/tinyglobby/-/tinyglobby-0.2.17.tgz 0ms (cache hit)
114 http cache rollup@https://registry.npmjs.org/rollup/-/rollup-4.62.0.tgz 0ms (cache hit)
115 http cache semver@https://registry.npmjs.org/semver/-/semver-6.3.1.tgz 0ms (cache hit)
116 http cache react-refresh@https://registry.npmjs.org/react-refresh/-/react-refresh-0.17.0.tgz 0ms (cache hit)
117 http cache react-dom@https://registry.npmjs.org/react-dom/-/react-dom-18.3.1.tgz 0ms (cache hit)
118 http cache scheduler@https://registry.npmjs.org/scheduler/-/scheduler-0.23.2.tgz 0ms (cache hit)
119 http cache react@https://registry.npmjs.org/react/-/react-18.3.1.tgz 0ms (cache hit)
120 http cache playwright-core@https://registry.npmjs.org/playwright-core/-/playwright-core-1.61.0.tgz 0ms (cache hit)
121 http cache node-releases@https://registry.npmjs.org/node-releases/-/node-releases-2.0.48.tgz 0ms (cache hit)
122 http cache postcss@https://registry.npmjs.org/postcss/-/postcss-8.5.15.tgz 0ms (cache hit)
123 http cache loose-envify@https://registry.npmjs.org/loose-envify/-/loose-envify-1.4.0.tgz 0ms (cache hit)
124 http cache nanoid@https://registry.npmjs.org/nanoid/-/nanoid-3.3.13.tgz 0ms (cache hit)
125 http cache lucide-react@https://registry.npmjs.org/lucide-react/-/lucide-react-0.468.0.tgz 0ms (cache hit)
126 http cache json5@https://registry.npmjs.org/json5/-/json5-2.2.3.tgz 0ms (cache hit)
127 http cache jsesc@https://registry.npmjs.org/jsesc/-/jsesc-3.1.0.tgz 0ms (cache hit)
128 http cache lru-cache@https://registry.npmjs.org/lru-cache/-/lru-cache-5.1.1.tgz 0ms (cache hit)
129 http cache gensync@https://registry.npmjs.org/gensync/-/gensync-1.0.0-beta.2.tgz 0ms (cache hit)
130 http cache electron-to-chromium@https://registry.npmjs.org/electron-to-chromium/-/electron-to-chromium-1.5.375.tgz 0ms (cache hit)
131 http cache convert-source-map@https://registry.npmjs.org/convert-source-map/-/convert-source-map-2.0.0.tgz 0ms (cache hit)
132 http cache esbuild@https://registry.npmjs.org/esbuild/-/esbuild-0.25.12.tgz 0ms (cache hit)
133 http cache browserslist@https://registry.npmjs.org/browserslist/-/browserslist-4.28.2.tgz 0ms (cache hit)
134 http cache baseline-browser-mapping@https://registry.npmjs.org/baseline-browser-mapping/-/baseline-browser-mapping-2.10.38.tgz 0ms (cache hit)
135 silly tarball no local data for @vitejs/plugin-react@https://registry.npmjs.org/@vitejs/plugin-react/-/plugin-react-4.7.0.tgz. Extracting by manifest.
136 silly tarball no local data for @types/estree@https://registry.npmjs.org/@types/estree/-/estree-1.0.9.tgz. Extracting by manifest.
137 http cache caniuse-lite@https://registry.npmjs.org/caniuse-lite/-/caniuse-lite-1.0.30001799.tgz 0ms (cache hit)
138 silly tarball no local data for @types/react-dom@https://registry.npmjs.org/@types/react-dom/-/react-dom-18.3.7.tgz. Extracting by manifest.
139 silly tarball no local data for @types/prop-types@https://registry.npmjs.org/@types/prop-types/-/prop-types-15.7.15.tgz. Extracting by manifest.
140 silly tarball no local data for @types/babel__traverse@https://registry.npmjs.org/@types/babel__traverse/-/babel__traverse-7.28.0.tgz. Extracting by manifest.
141 silly tarball no local data for @types/babel__template@https://registry.npmjs.org/@types/babel__template/-/babel__template-7.4.4.tgz. Extracting by manifest.
142 silly tarball no local data for @types/react@https://registry.npmjs.org/@types/react/-/react-18.3.31.tgz. Extracting by manifest.
143 silly tarball no local data for @types/babel__generator@https://registry.npmjs.org/@types/babel__generator/-/babel__generator-7.27.0.tgz. Extracting by manifest.
144 silly tarball no local data for @types/babel__core@https://registry.npmjs.org/@types/babel__core/-/babel__core-7.20.5.tgz. Extracting by manifest.
145 silly tarball no local data for @rollup/rollup-win32-x64-msvc@https://registry.npmjs.org/@rollup/rollup-win32-x64-msvc/-/rollup-win32-x64-msvc-4.62.0.tgz. Extracting by manifest.
146 silly tarball no local data for @rollup/rollup-win32-x64-gnu@https://registry.npmjs.org/@rollup/rollup-win32-x64-gnu/-/rollup-win32-x64-gnu-4.62.0.tgz. Extracting by manifest.
147 silly tarball no local data for @esbuild/win32-x64@https://registry.npmjs.org/@esbuild/win32-x64/-/win32-x64-0.25.12.tgz. Extracting by manifest.
148 silly tarball no local data for @rolldown/pluginutils@https://registry.npmjs.org/@rolldown/pluginutils/-/pluginutils-1.0.0-beta.27.tgz. Extracting by manifest.
149 silly tarball no local data for @jridgewell/remapping@https://registry.npmjs.org/@jridgewell/remapping/-/remapping-2.3.5.tgz. Extracting by manifest.
150 silly tarball no local data for @babel/types@https://registry.npmjs.org/@babel/types/-/types-7.29.7.tgz. Extracting by manifest.
151 silly tarball no local data for @babel/traverse@https://registry.npmjs.org/@babel/traverse/-/traverse-7.29.7.tgz. Extracting by manifest.
152 silly tarball no local data for @babel/plugin-transform-react-jsx-source@https://registry.npmjs.org/@babel/plugin-transform-react-jsx-source/-/plugin-transform-react-jsx-source-7.29.7.tgz. Extracting by manifest.
153 silly tarball no local data for @babel/template@https://registry.npmjs.org/@babel/template/-/template-7.29.7.tgz. Extracting by manifest.
154 silly tarball no local data for @babel/helper-plugin-utils@https://registry.npmjs.org/@babel/helper-plugin-utils/-/helper-plugin-utils-7.29.7.tgz. Extracting by manifest.
155 silly tarball no local data for @babel/parser@https://registry.npmjs.org/@babel/parser/-/parser-7.29.7.tgz. Extracting by manifest.
156 silly tarball no local data for @babel/helper-validator-identifier@https://registry.npmjs.org/@babel/helper-validator-identifier/-/helper-validator-identifier-7.29.7.tgz. Extracting by manifest.
157 silly tarball no local data for @babel/plugin-transform-react-jsx-self@https://registry.npmjs.org/@babel/plugin-transform-react-jsx-self/-/plugin-transform-react-jsx-self-7.29.7.tgz. Extracting by manifest.
158 silly tarball no local data for @babel/helper-string-parser@https://registry.npmjs.org/@babel/helper-string-parser/-/helper-string-parser-7.29.7.tgz. Extracting by manifest.
159 silly tarball no local data for @babel/helper-validator-option@https://registry.npmjs.org/@babel/helper-validator-option/-/helper-validator-option-7.29.7.tgz. Extracting by manifest.
160 silly tarball no local data for @babel/helper-compilation-targets@https://registry.npmjs.org/@babel/helper-compilation-targets/-/helper-compilation-targets-7.29.7.tgz. Extracting by manifest.
161 silly tarball no local data for @babel/helpers@https://registry.npmjs.org/@babel/helpers/-/helpers-7.29.7.tgz. Extracting by manifest.
162 silly tarball no local data for @babel/helper-module-imports@https://registry.npmjs.org/@babel/helper-module-imports/-/helper-module-imports-7.29.7.tgz. Extracting by manifest.
163 silly tarball no local data for @babel/helper-module-transforms@https://registry.npmjs.org/@babel/helper-module-transforms/-/helper-module-transforms-7.29.7.tgz. Extracting by manifest.
164 silly tarball no local data for @babel/helper-globals@https://registry.npmjs.org/@babel/helper-globals/-/helper-globals-7.29.7.tgz. Extracting by manifest.
165 silly tarball no local data for @babel/code-frame@https://registry.npmjs.org/@babel/code-frame/-/code-frame-7.29.7.tgz. Extracting by manifest.
166 silly tarball no local data for @babel/generator@https://registry.npmjs.org/@babel/generator/-/generator-7.29.7.tgz. Extracting by manifest.
167 silly tarball no local data for @babel/core@https://registry.npmjs.org/@babel/core/-/core-7.29.7.tgz. Extracting by manifest.
168 silly tarball no local data for @babel/compat-data@https://registry.npmjs.org/@babel/compat-data/-/compat-data-7.29.7.tgz. Extracting by manifest.
169 silly tarball no local data for typescript@https://registry.npmjs.org/typescript/-/typescript-5.9.3.tgz. Extracting by manifest.
170 silly tarball no local data for yallist@https://registry.npmjs.org/yallist/-/yallist-3.1.1.tgz. Extracting by manifest.
171 silly tarball no local data for vite@https://registry.npmjs.org/vite/-/vite-6.4.3.tgz. Extracting by manifest.
172 silly tarball no local data for update-browserslist-db@https://registry.npmjs.org/update-browserslist-db/-/update-browserslist-db-1.2.3.tgz. Extracting by manifest.
173 silly tarball no local data for tinyglobby@https://registry.npmjs.org/tinyglobby/-/tinyglobby-0.2.17.tgz. Extracting by manifest.
174 silly tarball no local data for rollup@https://registry.npmjs.org/rollup/-/rollup-4.62.0.tgz. Extracting by manifest.
175 silly tarball no local data for semver@https://registry.npmjs.org/semver/-/semver-6.3.1.tgz. Extracting by manifest.
176 silly tarball no local data for react-refresh@https://registry.npmjs.org/react-refresh/-/react-refresh-0.17.0.tgz. Extracting by manifest.
177 silly tarball no local data for react-dom@https://registry.npmjs.org/react-dom/-/react-dom-18.3.1.tgz. Extracting by manifest.
178 silly tarball no local data for scheduler@https://registry.npmjs.org/scheduler/-/scheduler-0.23.2.tgz. Extracting by manifest.
179 silly tarball no local data for react@https://registry.npmjs.org/react/-/react-18.3.1.tgz. Extracting by manifest.
180 silly tarball no local data for playwright-core@https://registry.npmjs.org/playwright-core/-/playwright-core-1.61.0.tgz. Extracting by manifest.
181 silly tarball no local data for node-releases@https://registry.npmjs.org/node-releases/-/node-releases-2.0.48.tgz. Extracting by manifest.
182 silly tarball no local data for postcss@https://registry.npmjs.org/postcss/-/postcss-8.5.15.tgz. Extracting by manifest.
183 silly tarball no local data for loose-envify@https://registry.npmjs.org/loose-envify/-/loose-envify-1.4.0.tgz. Extracting by manifest.
184 silly tarball no local data for nanoid@https://registry.npmjs.org/nanoid/-/nanoid-3.3.13.tgz. Extracting by manifest.
185 silly tarball no local data for lucide-react@https://registry.npmjs.org/lucide-react/-/lucide-react-0.468.0.tgz. Extracting by manifest.
186 silly tarball no local data for json5@https://registry.npmjs.org/json5/-/json5-2.2.3.tgz. Extracting by manifest.
187 silly tarball no local data for jsesc@https://registry.npmjs.org/jsesc/-/jsesc-3.1.0.tgz. Extracting by manifest.
188 silly tarball no local data for lru-cache@https://registry.npmjs.org/lru-cache/-/lru-cache-5.1.1.tgz. Extracting by manifest.
189 silly tarball no local data for gensync@https://registry.npmjs.org/gensync/-/gensync-1.0.0-beta.2.tgz. Extracting by manifest.
190 silly tarball no local data for electron-to-chromium@https://registry.npmjs.org/electron-to-chromium/-/electron-to-chromium-1.5.375.tgz. Extracting by manifest.
191 silly tarball no local data for convert-source-map@https://registry.npmjs.org/convert-source-map/-/convert-source-map-2.0.0.tgz. Extracting by manifest.
192 silly tarball no local data for esbuild@https://registry.npmjs.org/esbuild/-/esbuild-0.25.12.tgz. Extracting by manifest.
193 silly tarball no local data for browserslist@https://registry.npmjs.org/browserslist/-/browserslist-4.28.2.tgz. Extracting by manifest.
194 silly tarball no local data for baseline-browser-mapping@https://registry.npmjs.org/baseline-browser-mapping/-/baseline-browser-mapping-2.10.38.tgz. Extracting by manifest.
195 silly tarball no local data for caniuse-lite@https://registry.npmjs.org/caniuse-lite/-/caniuse-lite-1.0.30001799.tgz. Extracting by manifest.
196 http fetch POST 200 https://registry.npmjs.org/-/npm/v1/security/advisories/bulk 479ms
197 silly audit report {}
198 http fetch GET 200 https://registry.npmjs.org/@types/babel__template/-/babel__template-7.4.4.tgz 475ms (cache miss)
199 http fetch GET 200 https://registry.npmjs.org/@types/prop-types/-/prop-types-15.7.15.tgz 505ms (cache miss)
200 http fetch GET 200 https://registry.npmjs.org/@types/babel__generator/-/babel__generator-7.27.0.tgz 539ms (cache miss)
201 http fetch GET 200 https://registry.npmjs.org/@babel/plugin-transform-react-jsx-source/-/plugin-transform-react-jsx-source-7.29.7.tgz 616ms (cache miss)
202 http fetch GET 200 https://registry.npmjs.org/@types/estree/-/estree-1.0.9.tgz 697ms (cache miss)
203 http fetch GET 200 https://registry.npmjs.org/@babel/helper-plugin-utils/-/helper-plugin-utils-7.29.7.tgz 712ms (cache miss)
204 http fetch GET 200 https://registry.npmjs.org/@babel/plugin-transform-react-jsx-self/-/plugin-transform-react-jsx-self-7.29.7.tgz 768ms (cache miss)
205 http fetch GET 200 https://registry.npmjs.org/@rolldown/pluginutils/-/pluginutils-1.0.0-beta.27.tgz 777ms (cache miss)
206 http fetch GET 200 https://registry.npmjs.org/@types/babel__core/-/babel__core-7.20.5.tgz 805ms (cache miss)
207 http fetch GET 200 https://registry.npmjs.org/yallist/-/yallist-3.1.1.tgz 907ms (cache miss)
208 http fetch GET 200 https://registry.npmjs.org/loose-envify/-/loose-envify-1.4.0.tgz 999ms (cache miss)
209 http fetch GET 200 https://registry.npmjs.org/@types/babel__traverse/-/babel__traverse-7.28.0.tgz 1049ms (cache miss)
210 http fetch GET 200 https://registry.npmjs.org/@babel/helper-globals/-/helper-globals-7.29.7.tgz 1035ms (cache miss)
211 http fetch GET 200 https://registry.npmjs.org/lru-cache/-/lru-cache-5.1.1.tgz 1038ms (cache miss)
212 http fetch GET 200 https://registry.npmjs.org/convert-source-map/-/convert-source-map-2.0.0.tgz 1117ms (cache miss)
213 http fetch GET 200 https://registry.npmjs.org/update-browserslist-db/-/update-browserslist-db-1.2.3.tgz 1152ms (cache miss)
214 http fetch GET 200 https://registry.npmjs.org/@babel/helper-string-parser/-/helper-string-parser-7.29.7.tgz 1167ms (cache miss)
215 http fetch GET 200 https://registry.npmjs.org/@types/react-dom/-/react-dom-18.3.7.tgz 1227ms (cache miss)
216 http fetch GET 200 https://registry.npmjs.org/gensync/-/gensync-1.0.0-beta.2.tgz 1199ms (cache miss)
217 http fetch GET 200 https://registry.npmjs.org/node-releases/-/node-releases-2.0.48.tgz 1210ms (cache miss)
218 http fetch GET 200 https://registry.npmjs.org/jsesc/-/jsesc-3.1.0.tgz 1208ms (cache miss)
219 http fetch GET 200 https://registry.npmjs.org/tinyglobby/-/tinyglobby-0.2.17.tgz 1225ms (cache miss)
220 http fetch GET 200 https://registry.npmjs.org/@babel/helper-validator-option/-/helper-validator-option-7.29.7.tgz 1238ms (cache miss)
221 http fetch GET 200 https://registry.npmjs.org/@babel/code-frame/-/code-frame-7.29.7.tgz 1264ms (cache miss)
222 http fetch GET 200 https://registry.npmjs.org/@babel/helper-validator-identifier/-/helper-validator-identifier-7.29.7.tgz 1323ms (cache miss)
223 http fetch GET 200 https://registry.npmjs.org/semver/-/semver-6.3.1.tgz 1356ms (cache miss)
224 http fetch GET 200 https://registry.npmjs.org/react-refresh/-/react-refresh-0.17.0.tgz 1374ms (cache miss)
225 http fetch GET 200 https://registry.npmjs.org/browserslist/-/browserslist-4.28.2.tgz 1386ms (cache miss)
226 http fetch GET 200 https://registry.npmjs.org/@babel/helper-module-imports/-/helper-module-imports-7.29.7.tgz 1446ms (cache miss)
227 http fetch GET 200 https://registry.npmjs.org/@vitejs/plugin-react/-/plugin-react-4.7.0.tgz 1549ms (cache miss)
228 http fetch GET 200 https://registry.npmjs.org/electron-to-chromium/-/electron-to-chromium-1.5.375.tgz 1522ms (cache miss)
229 http fetch GET 200 https://registry.npmjs.org/@babel/compat-data/-/compat-data-7.29.7.tgz 1619ms (cache miss)
230 http fetch GET 200 https://registry.npmjs.org/esbuild/-/esbuild-0.25.12.tgz 1648ms (cache miss)
231 http fetch GET 200 https://registry.npmjs.org/baseline-browser-mapping/-/baseline-browser-mapping-2.10.38.tgz 1685ms (cache miss)
232 http fetch GET 200 https://registry.npmjs.org/@babel/helper-compilation-targets/-/helper-compilation-targets-7.29.7.tgz 1945ms (cache miss)
233 http fetch GET 200 https://registry.npmjs.org/scheduler/-/scheduler-0.23.2.tgz 1935ms (cache miss)
234 http fetch GET 200 https://registry.npmjs.org/@types/react/-/react-18.3.31.tgz 2051ms (cache miss)
235 http fetch GET 200 https://registry.npmjs.org/@babel/template/-/template-7.29.7.tgz 2045ms (cache miss)
236 http fetch GET 200 https://registry.npmjs.org/@babel/helper-module-transforms/-/helper-module-transforms-7.29.7.tgz 2042ms (cache miss)
237 http fetch GET 200 https://registry.npmjs.org/react/-/react-18.3.1.tgz 2162ms (cache miss)
238 http fetch GET 200 https://registry.npmjs.org/nanoid/-/nanoid-3.3.13.tgz 2166ms (cache miss)
239 http fetch GET 200 https://registry.npmjs.org/json5/-/json5-2.2.3.tgz 2203ms (cache miss)
240 http fetch GET 200 https://registry.npmjs.org/@jridgewell/remapping/-/remapping-2.3.5.tgz 2456ms (cache miss)
241 http fetch GET 200 https://registry.npmjs.org/@babel/parser/-/parser-7.29.7.tgz 2640ms (cache miss)
242 http fetch GET 200 https://registry.npmjs.org/@rollup/rollup-win32-x64-gnu/-/rollup-win32-x64-gnu-4.62.0.tgz 2802ms (cache miss)
243 http fetch GET 200 https://registry.npmjs.org/@rollup/rollup-win32-x64-msvc/-/rollup-win32-x64-msvc-4.62.0.tgz 2941ms (cache miss)
244 http fetch GET 200 https://registry.npmjs.org/postcss/-/postcss-8.5.15.tgz 3392ms (cache miss)
245 http fetch GET 200 https://registry.npmjs.org/@babel/generator/-/generator-7.29.7.tgz 3460ms (cache miss)
246 http fetch GET 200 https://registry.npmjs.org/rollup/-/rollup-4.62.0.tgz 3513ms (cache miss)
247 http fetch GET 200 https://registry.npmjs.org/vite/-/vite-6.4.3.tgz 3613ms (cache miss)
248 http fetch GET 200 https://registry.npmjs.org/react-dom/-/react-dom-18.3.1.tgz 3852ms (cache miss)
249 http fetch GET 200 https://registry.npmjs.org/@babel/traverse/-/traverse-7.29.7.tgz 4228ms (cache miss)
250 http fetch GET 200 https://registry.npmjs.org/@esbuild/win32-x64/-/win32-x64-0.25.12.tgz 4480ms (cache miss)
251 http fetch GET 200 https://registry.npmjs.org/@babel/core/-/core-7.29.7.tgz 5219ms (cache miss)
252 http fetch GET 200 https://registry.npmjs.org/@babel/types/-/types-7.29.7.tgz 6512ms (cache miss)
253 http fetch GET 200 https://registry.npmjs.org/playwright-core/-/playwright-core-1.61.0.tgz 6591ms (cache miss)
254 http fetch GET 200 https://registry.npmjs.org/@babel/helpers/-/helpers-7.29.7.tgz 6975ms (cache miss)
255 http fetch GET 200 https://registry.npmjs.org/typescript/-/typescript-5.9.3.tgz 7283ms (cache miss)
256 http fetch GET 200 https://registry.npmjs.org/caniuse-lite/-/caniuse-lite-1.0.30001799.tgz 11349ms (cache miss)
257 http fetch GET 200 https://registry.npmjs.org/lucide-react/-/lucide-react-0.468.0.tgz 29341ms (cache miss)
258 info run esbuild@0.25.12 postinstall node_modules/esbuild node install.js
259 info run esbuild@0.25.12 postinstall { code: 0, signal: null }
260 silly CHANGE node_modules/@vitejs/plugin-react
261 silly CHANGE node_modules/@types/react-dom
262 silly CHANGE node_modules/@types/react
263 silly CHANGE node_modules/@types/prop-types
264 silly CHANGE node_modules/@types/estree
265 silly CHANGE node_modules/@types/babel__traverse
266 silly CHANGE node_modules/@types/babel__template
267 silly CHANGE node_modules/@types/babel__core
268 silly CHANGE node_modules/@types/babel__generator
269 silly CHANGE node_modules/@rollup/rollup-win32-x64-msvc
270 silly CHANGE node_modules/@rollup/rollup-win32-x64-gnu
271 silly CHANGE node_modules/@rolldown/pluginutils
272 silly CHANGE node_modules/@esbuild/win32-x64
273 silly CHANGE node_modules/@jridgewell/remapping
274 silly CHANGE node_modules/@babel/traverse
275 silly CHANGE node_modules/@babel/helper-plugin-utils
276 silly CHANGE node_modules/@babel/types
277 silly CHANGE node_modules/@babel/template
278 silly CHANGE node_modules/@babel/plugin-transform-react-jsx-source
279 silly CHANGE node_modules/@babel/plugin-transform-react-jsx-self
280 silly CHANGE node_modules/@babel/parser
281 silly CHANGE node_modules/@babel/helper-validator-option
282 silly CHANGE node_modules/@babel/helpers
283 silly CHANGE node_modules/@babel/helper-validator-identifier
284 silly CHANGE node_modules/@babel/helper-string-parser
285 silly CHANGE node_modules/@babel/helper-module-imports
286 silly CHANGE node_modules/@babel/helper-module-transforms
287 silly CHANGE node_modules/@babel/helper-globals
288 silly CHANGE node_modules/@babel/helper-compilation-targets
289 silly CHANGE node_modules/@babel/generator
290 silly CHANGE node_modules/@babel/code-frame
291 silly CHANGE node_modules/@babel/compat-data
292 silly CHANGE node_modules/@babel/core
293 silly CHANGE node_modules/yallist
294 silly CHANGE node_modules/typescript
295 silly CHANGE node_modules/vite
296 silly CHANGE node_modules/update-browserslist-db
297 silly CHANGE node_modules/tinyglobby
298 silly CHANGE node_modules/rollup
299 silly CHANGE node_modules/semver
300 silly CHANGE node_modules/scheduler
301 silly CHANGE node_modules/react-refresh
302 silly CHANGE node_modules/react-dom
303 silly CHANGE node_modules/playwright-core
304 silly CHANGE node_modules/react
305 silly CHANGE node_modules/postcss
306 silly CHANGE node_modules/node-releases
307 silly CHANGE node_modules/nanoid
308 silly CHANGE node_modules/lucide-react
309 silly CHANGE node_modules/loose-envify
310 silly CHANGE node_modules/lru-cache
311 silly CHANGE node_modules/json5
312 silly CHANGE node_modules/jsesc
313 silly CHANGE node_modules/gensync
314 silly CHANGE node_modules/esbuild
315 silly CHANGE node_modules/electron-to-chromium
316 silly CHANGE node_modules/convert-source-map
317 silly CHANGE node_modules/baseline-browser-mapping
318 silly CHANGE node_modules/browserslist
319 silly CHANGE node_modules/caniuse-lite
320 verbose cwd C:\Users\34966\OneDrive\Bureaublad\hackaton
321 verbose os Windows_NT 10.0.26200
322 verbose node v24.14.0
323 verbose npm  v11.9.0
324 verbose exit 0
325 info ok
